<?xml version="1.0" encoding="UTF-8"?>
<!-- Generated by org.testng.reporters.JUnitReportReporter -->
<testsuite hostname="DESKTOP-GA5D9PH" failures="0" tests="1" name="dropdown.DropDown_Handle" time="13.907" errors="0" timestamp="2024-06-25T11:27:37 IST" skipped="0">
  <testcase classname="dropdown.DropDown_Handle" name="handle_dropdown" time="13.907"/>
</testsuite> <!-- dropdown.DropDown_Handle -->
