<?xml version="1.0" encoding="UTF-8"?>
<!-- Generated by org.testng.reporters.JUnitReportReporter -->
<testsuite hostname="DESKTOP-GA5D9PH" failures="0" tests="1" name="windows.tabs.popup.HttpAutentication" time="14.237" errors="0" timestamp="2024-06-25T09:34:55 IST" skipped="0">
  <testcase classname="windows.tabs.popup.HttpAutentication" name="handle_authentication_popup" time="14.237"/>
</testsuite> <!-- windows.tabs.popup.HttpAutentication -->
